ERROR - 2024-07-27 10:04:29 --> mysqli_sql_exception: Unknown table 'proqua_test.users' in C:\xampp\htdocs\crud-ci4\system\Database\MySQLi\Connection.php:312
Stack trace:
#0 C:\xampp\htdocs\crud-ci4\system\Database\MySQLi\Connection.php(312): mysqli->query('DROP TABLE `use...', 0)
#1 C:\xampp\htdocs\crud-ci4\system\Database\BaseConnection.php(734): CodeIgniter\Database\MySQLi\Connection->execute('DROP TABLE `use...')
#2 C:\xampp\htdocs\crud-ci4\system\Database\BaseConnection.php(648): CodeIgniter\Database\BaseConnection->simpleQuery('DROP TABLE `use...')
#3 C:\xampp\htdocs\crud-ci4\system\Database\Forge.php(663): CodeIgniter\Database\BaseConnection->query('DROP TABLE `use...')
#4 C:\xampp\htdocs\crud-ci4\app\Database\Migrations\2024-07-27-095714_Users.php(45): CodeIgniter\Database\Forge->dropTable('users')
#5 C:\xampp\htdocs\crud-ci4\system\Database\MigrationRunner.php(867): App\Database\Migrations\Users->down()
#6 C:\xampp\htdocs\crud-ci4\system\Database\MigrationRunner.php(290): CodeIgniter\Database\MigrationRunner->migrate('down', Object(stdClass))
#7 C:\xampp\htdocs\crud-ci4\system\Commands\Database\MigrateRollback.php(101): CodeIgniter\Database\MigrationRunner->regress(0)
#8 C:\xampp\htdocs\crud-ci4\system\CLI\Commands.php(70): CodeIgniter\Commands\Database\MigrateRollback->run(Array)
#9 C:\xampp\htdocs\crud-ci4\system\CLI\BaseCommand.php(119): CodeIgniter\CLI\Commands->run('migrate:rollbac...', Array)
#10 C:\xampp\htdocs\crud-ci4\system\Commands\Database\MigrateRefresh.php(86): CodeIgniter\CLI\BaseCommand->call('migrate:rollbac...', Array)
#11 C:\xampp\htdocs\crud-ci4\system\CLI\Commands.php(70): CodeIgniter\Commands\Database\MigrateRefresh->run(Array)
#12 C:\xampp\htdocs\crud-ci4\system\CLI\Console.php(48): CodeIgniter\CLI\Commands->run('migrate:refresh', Array)
#13 C:\xampp\htdocs\crud-ci4\system\Boot.php(351): CodeIgniter\CLI\Console->run()
#14 C:\xampp\htdocs\crud-ci4\system\Boot.php(104): CodeIgniter\Boot::runCommand(Object(CodeIgniter\CLI\Console))
#15 C:\xampp\htdocs\crud-ci4\spark(84): CodeIgniter\Boot::bootSpark(Object(Config\Paths))
#16 {main}
ERROR - 2024-07-27 10:04:53 --> mysqli_sql_exception: Unknown table 'proqua_test.users' in C:\xampp\htdocs\crud-ci4\system\Database\MySQLi\Connection.php:312
Stack trace:
#0 C:\xampp\htdocs\crud-ci4\system\Database\MySQLi\Connection.php(312): mysqli->query('DROP TABLE `use...', 0)
#1 C:\xampp\htdocs\crud-ci4\system\Database\BaseConnection.php(734): CodeIgniter\Database\MySQLi\Connection->execute('DROP TABLE `use...')
#2 C:\xampp\htdocs\crud-ci4\system\Database\BaseConnection.php(648): CodeIgniter\Database\BaseConnection->simpleQuery('DROP TABLE `use...')
#3 C:\xampp\htdocs\crud-ci4\system\Database\Forge.php(663): CodeIgniter\Database\BaseConnection->query('DROP TABLE `use...')
#4 C:\xampp\htdocs\crud-ci4\app\Database\Migrations\2024-07-27-095714_Users.php(45): CodeIgniter\Database\Forge->dropTable('users')
#5 C:\xampp\htdocs\crud-ci4\system\Database\MigrationRunner.php(867): App\Database\Migrations\Users->down()
#6 C:\xampp\htdocs\crud-ci4\system\Database\MigrationRunner.php(290): CodeIgniter\Database\MigrationRunner->migrate('down', Object(stdClass))
#7 C:\xampp\htdocs\crud-ci4\system\Commands\Database\MigrateRollback.php(101): CodeIgniter\Database\MigrationRunner->regress(0)
#8 C:\xampp\htdocs\crud-ci4\system\CLI\Commands.php(70): CodeIgniter\Commands\Database\MigrateRollback->run(Array)
#9 C:\xampp\htdocs\crud-ci4\system\CLI\BaseCommand.php(119): CodeIgniter\CLI\Commands->run('migrate:rollbac...', Array)
#10 C:\xampp\htdocs\crud-ci4\system\Commands\Database\MigrateRefresh.php(86): CodeIgniter\CLI\BaseCommand->call('migrate:rollbac...', Array)
#11 C:\xampp\htdocs\crud-ci4\system\CLI\Commands.php(70): CodeIgniter\Commands\Database\MigrateRefresh->run(Array)
#12 C:\xampp\htdocs\crud-ci4\system\CLI\Console.php(48): CodeIgniter\CLI\Commands->run('migrate:refresh', Array)
#13 C:\xampp\htdocs\crud-ci4\system\Boot.php(351): CodeIgniter\CLI\Console->run()
#14 C:\xampp\htdocs\crud-ci4\system\Boot.php(104): CodeIgniter\Boot::runCommand(Object(CodeIgniter\CLI\Console))
#15 C:\xampp\htdocs\crud-ci4\spark(84): CodeIgniter\Boot::bootSpark(Object(Config\Paths))
#16 {main}
CRITICAL - 2024-07-27 11:37:39 --> CodeIgniter\View\Exceptions\ViewException: Invalid file: "create_user.php"
[Method: GET, Route: users/create]
in SYSTEMPATH\Exceptions\FrameworkException.php on line 41.
 1 SYSTEMPATH\View\View.php(222): CodeIgniter\Exceptions\FrameworkException::forInvalidFile('create_user.php')
 2 SYSTEMPATH\Common.php(1171): CodeIgniter\View\View->render('create_user', [], true)
 3 APPPATH\Controllers\UsersController.php(20): view('create_user')
 4 SYSTEMPATH\CodeIgniter.php(933): App\Controllers\UsersController->create()
 5 SYSTEMPATH\CodeIgniter.php(509): CodeIgniter\CodeIgniter->runController(Object(App\Controllers\UsersController))
 6 SYSTEMPATH\CodeIgniter.php(355): CodeIgniter\CodeIgniter->handleRequest(null, Object(Config\Cache), false)
 7 SYSTEMPATH\Boot.php(325): CodeIgniter\CodeIgniter->run()
 8 SYSTEMPATH\Boot.php(67): CodeIgniter\Boot::runCodeIgniter(Object(CodeIgniter\CodeIgniter))
 9 FCPATH\index.php(56): CodeIgniter\Boot::bootWeb(Object(Config\Paths))
ERROR - 2024-07-27 11:52:22 --> mysqli_sql_exception: Column 'name' cannot be null in C:\xampp\htdocs\crud-ci4\system\Database\MySQLi\Connection.php:312
Stack trace:
#0 C:\xampp\htdocs\crud-ci4\system\Database\MySQLi\Connection.php(312): mysqli->query('INSERT INTO `us...', 0)
#1 C:\xampp\htdocs\crud-ci4\system\Database\BaseConnection.php(734): CodeIgniter\Database\MySQLi\Connection->execute('INSERT INTO `us...')
#2 C:\xampp\htdocs\crud-ci4\system\Database\BaseConnection.php(648): CodeIgniter\Database\BaseConnection->simpleQuery('INSERT INTO `us...')
#3 C:\xampp\htdocs\crud-ci4\system\Database\BaseBuilder.php(2332): CodeIgniter\Database\BaseConnection->query('INSERT INTO `us...', Array, false)
#4 C:\xampp\htdocs\crud-ci4\system\Model.php(394): CodeIgniter\Database\BaseBuilder->insert()
#5 C:\xampp\htdocs\crud-ci4\system\BaseModel.php(840): CodeIgniter\Model->doInsert(Array)
#6 C:\xampp\htdocs\crud-ci4\system\Model.php(802): CodeIgniter\BaseModel->insert(Array, true)
#7 C:\xampp\htdocs\crud-ci4\app\Controllers\UsersController.php(31): CodeIgniter\Model->insert(Array)
#8 C:\xampp\htdocs\crud-ci4\system\CodeIgniter.php(933): App\Controllers\UsersController->addUser()
#9 C:\xampp\htdocs\crud-ci4\system\CodeIgniter.php(509): CodeIgniter\CodeIgniter->runController(Object(App\Controllers\UsersController))
#10 C:\xampp\htdocs\crud-ci4\system\CodeIgniter.php(355): CodeIgniter\CodeIgniter->handleRequest(NULL, Object(Config\Cache), false)
#11 C:\xampp\htdocs\crud-ci4\system\Boot.php(325): CodeIgniter\CodeIgniter->run()
#12 C:\xampp\htdocs\crud-ci4\system\Boot.php(67): CodeIgniter\Boot::runCodeIgniter(Object(CodeIgniter\CodeIgniter))
#13 C:\xampp\htdocs\crud-ci4\public\index.php(56): CodeIgniter\Boot::bootWeb(Object(Config\Paths))
#14 C:\xampp\htdocs\crud-ci4\system\rewrite.php(44): require_once('C:\\xampp\\htdocs...')
#15 {main}
CRITICAL - 2024-07-27 11:52:22 --> CodeIgniter\Database\Exceptions\DatabaseException: Column 'name' cannot be null
[Method: POST, Route: users/addUser]
in SYSTEMPATH\Database\BaseConnection.php on line 688.
 1 SYSTEMPATH\Database\BaseBuilder.php(2332): CodeIgniter\Database\BaseConnection->query('INSERT INTO `users` (`name`, `email`, `alamat`) VALUES (:name:, :email:, :alamat:)', [...], false)
 2 SYSTEMPATH\Model.php(394): CodeIgniter\Database\BaseBuilder->insert()
 3 SYSTEMPATH\BaseModel.php(840): CodeIgniter\Model->doInsert([...])
 4 SYSTEMPATH\Model.php(802): CodeIgniter\BaseModel->insert([...], true)
 5 APPPATH\Controllers\UsersController.php(31): CodeIgniter\Model->insert([...])
 6 SYSTEMPATH\CodeIgniter.php(933): App\Controllers\UsersController->addUser()
 7 SYSTEMPATH\CodeIgniter.php(509): CodeIgniter\CodeIgniter->runController(Object(App\Controllers\UsersController))
 8 SYSTEMPATH\CodeIgniter.php(355): CodeIgniter\CodeIgniter->handleRequest(null, Object(Config\Cache), false)
 9 SYSTEMPATH\Boot.php(325): CodeIgniter\CodeIgniter->run()
10 SYSTEMPATH\Boot.php(67): CodeIgniter\Boot::runCodeIgniter(Object(CodeIgniter\CodeIgniter))
11 FCPATH\index.php(56): CodeIgniter\Boot::bootWeb(Object(Config\Paths))
12 SYSTEMPATH\rewrite.php(44): require_once('C:\\xampp\\htdocs\\crud-ci4\\public\\index.php')
CRITICAL - 2024-07-27 11:52:22 --> [Caused by] CodeIgniter\Database\Exceptions\DatabaseException: Column 'name' cannot be null
in SYSTEMPATH\Database\MySQLi\Connection.php on line 317.
 1 SYSTEMPATH\Database\BaseConnection.php(734): CodeIgniter\Database\MySQLi\Connection->execute('INSERT INTO `users` (`name`, `email`, `alamat`) VALUES (NULL, NULL, NULL)')
 2 SYSTEMPATH\Database\BaseConnection.php(648): CodeIgniter\Database\BaseConnection->simpleQuery('INSERT INTO `users` (`name`, `email`, `alamat`) VALUES (NULL, NULL, NULL)')
 3 SYSTEMPATH\Database\BaseBuilder.php(2332): CodeIgniter\Database\BaseConnection->query('INSERT INTO `users` (`name`, `email`, `alamat`) VALUES (:name:, :email:, :alamat:)', [...], false)
 4 SYSTEMPATH\Model.php(394): CodeIgniter\Database\BaseBuilder->insert()
 5 SYSTEMPATH\BaseModel.php(840): CodeIgniter\Model->doInsert([...])
 6 SYSTEMPATH\Model.php(802): CodeIgniter\BaseModel->insert([...], true)
 7 APPPATH\Controllers\UsersController.php(31): CodeIgniter\Model->insert([...])
 8 SYSTEMPATH\CodeIgniter.php(933): App\Controllers\UsersController->addUser()
 9 SYSTEMPATH\CodeIgniter.php(509): CodeIgniter\CodeIgniter->runController(Object(App\Controllers\UsersController))
10 SYSTEMPATH\CodeIgniter.php(355): CodeIgniter\CodeIgniter->handleRequest(null, Object(Config\Cache), false)
11 SYSTEMPATH\Boot.php(325): CodeIgniter\CodeIgniter->run()
12 SYSTEMPATH\Boot.php(67): CodeIgniter\Boot::runCodeIgniter(Object(CodeIgniter\CodeIgniter))
13 FCPATH\index.php(56): CodeIgniter\Boot::bootWeb(Object(Config\Paths))
14 SYSTEMPATH\rewrite.php(44): require_once('C:\\xampp\\htdocs\\crud-ci4\\public\\index.php')
CRITICAL - 2024-07-27 11:52:22 --> [Caused by] mysqli_sql_exception: Column 'name' cannot be null
in SYSTEMPATH\Database\MySQLi\Connection.php on line 312.
 1 SYSTEMPATH\Database\MySQLi\Connection.php(312): mysqli->query('INSERT INTO `users` (`name`, `email`, `alamat`) VALUES (NULL, NULL, NULL)', 0)
 2 SYSTEMPATH\Database\BaseConnection.php(734): CodeIgniter\Database\MySQLi\Connection->execute('INSERT INTO `users` (`name`, `email`, `alamat`) VALUES (NULL, NULL, NULL)')
 3 SYSTEMPATH\Database\BaseConnection.php(648): CodeIgniter\Database\BaseConnection->simpleQuery('INSERT INTO `users` (`name`, `email`, `alamat`) VALUES (NULL, NULL, NULL)')
 4 SYSTEMPATH\Database\BaseBuilder.php(2332): CodeIgniter\Database\BaseConnection->query('INSERT INTO `users` (`name`, `email`, `alamat`) VALUES (:name:, :email:, :alamat:)', [...], false)
 5 SYSTEMPATH\Model.php(394): CodeIgniter\Database\BaseBuilder->insert()
 6 SYSTEMPATH\BaseModel.php(840): CodeIgniter\Model->doInsert([...])
 7 SYSTEMPATH\Model.php(802): CodeIgniter\BaseModel->insert([...], true)
 8 APPPATH\Controllers\UsersController.php(31): CodeIgniter\Model->insert([...])
 9 SYSTEMPATH\CodeIgniter.php(933): App\Controllers\UsersController->addUser()
10 SYSTEMPATH\CodeIgniter.php(509): CodeIgniter\CodeIgniter->runController(Object(App\Controllers\UsersController))
11 SYSTEMPATH\CodeIgniter.php(355): CodeIgniter\CodeIgniter->handleRequest(null, Object(Config\Cache), false)
12 SYSTEMPATH\Boot.php(325): CodeIgniter\CodeIgniter->run()
13 SYSTEMPATH\Boot.php(67): CodeIgniter\Boot::runCodeIgniter(Object(CodeIgniter\CodeIgniter))
14 FCPATH\index.php(56): CodeIgniter\Boot::bootWeb(Object(Config\Paths))
15 SYSTEMPATH\rewrite.php(44): require_once('C:\\xampp\\htdocs\\crud-ci4\\public\\index.php')
ERROR - 2024-07-27 11:53:12 --> mysqli_sql_exception: Column 'name' cannot be null in C:\xampp\htdocs\crud-ci4\system\Database\MySQLi\Connection.php:312
Stack trace:
#0 C:\xampp\htdocs\crud-ci4\system\Database\MySQLi\Connection.php(312): mysqli->query('INSERT INTO `us...', 0)
#1 C:\xampp\htdocs\crud-ci4\system\Database\BaseConnection.php(734): CodeIgniter\Database\MySQLi\Connection->execute('INSERT INTO `us...')
#2 C:\xampp\htdocs\crud-ci4\system\Database\BaseConnection.php(648): CodeIgniter\Database\BaseConnection->simpleQuery('INSERT INTO `us...')
#3 C:\xampp\htdocs\crud-ci4\system\Database\BaseBuilder.php(2332): CodeIgniter\Database\BaseConnection->query('INSERT INTO `us...', Array, false)
#4 C:\xampp\htdocs\crud-ci4\system\Model.php(394): CodeIgniter\Database\BaseBuilder->insert()
#5 C:\xampp\htdocs\crud-ci4\system\BaseModel.php(840): CodeIgniter\Model->doInsert(Array)
#6 C:\xampp\htdocs\crud-ci4\system\Model.php(802): CodeIgniter\BaseModel->insert(Array, true)
#7 C:\xampp\htdocs\crud-ci4\app\Controllers\UsersController.php(31): CodeIgniter\Model->insert(Array)
#8 C:\xampp\htdocs\crud-ci4\system\CodeIgniter.php(933): App\Controllers\UsersController->addUser()
#9 C:\xampp\htdocs\crud-ci4\system\CodeIgniter.php(509): CodeIgniter\CodeIgniter->runController(Object(App\Controllers\UsersController))
#10 C:\xampp\htdocs\crud-ci4\system\CodeIgniter.php(355): CodeIgniter\CodeIgniter->handleRequest(NULL, Object(Config\Cache), false)
#11 C:\xampp\htdocs\crud-ci4\system\Boot.php(325): CodeIgniter\CodeIgniter->run()
#12 C:\xampp\htdocs\crud-ci4\system\Boot.php(67): CodeIgniter\Boot::runCodeIgniter(Object(CodeIgniter\CodeIgniter))
#13 C:\xampp\htdocs\crud-ci4\public\index.php(56): CodeIgniter\Boot::bootWeb(Object(Config\Paths))
#14 C:\xampp\htdocs\crud-ci4\system\rewrite.php(44): require_once('C:\\xampp\\htdocs...')
#15 {main}
CRITICAL - 2024-07-27 11:53:12 --> CodeIgniter\Database\Exceptions\DatabaseException: Column 'name' cannot be null
[Method: POST, Route: users/addUser]
in SYSTEMPATH\Database\BaseConnection.php on line 688.
 1 SYSTEMPATH\Database\BaseBuilder.php(2332): CodeIgniter\Database\BaseConnection->query('INSERT INTO `users` (`name`, `email`, `alamat`) VALUES (:name:, :email:, :alamat:)', [...], false)
 2 SYSTEMPATH\Model.php(394): CodeIgniter\Database\BaseBuilder->insert()
 3 SYSTEMPATH\BaseModel.php(840): CodeIgniter\Model->doInsert([...])
 4 SYSTEMPATH\Model.php(802): CodeIgniter\BaseModel->insert([...], true)
 5 APPPATH\Controllers\UsersController.php(31): CodeIgniter\Model->insert([...])
 6 SYSTEMPATH\CodeIgniter.php(933): App\Controllers\UsersController->addUser()
 7 SYSTEMPATH\CodeIgniter.php(509): CodeIgniter\CodeIgniter->runController(Object(App\Controllers\UsersController))
 8 SYSTEMPATH\CodeIgniter.php(355): CodeIgniter\CodeIgniter->handleRequest(null, Object(Config\Cache), false)
 9 SYSTEMPATH\Boot.php(325): CodeIgniter\CodeIgniter->run()
10 SYSTEMPATH\Boot.php(67): CodeIgniter\Boot::runCodeIgniter(Object(CodeIgniter\CodeIgniter))
11 FCPATH\index.php(56): CodeIgniter\Boot::bootWeb(Object(Config\Paths))
12 SYSTEMPATH\rewrite.php(44): require_once('C:\\xampp\\htdocs\\crud-ci4\\public\\index.php')
CRITICAL - 2024-07-27 11:53:12 --> [Caused by] CodeIgniter\Database\Exceptions\DatabaseException: Column 'name' cannot be null
in SYSTEMPATH\Database\MySQLi\Connection.php on line 317.
 1 SYSTEMPATH\Database\BaseConnection.php(734): CodeIgniter\Database\MySQLi\Connection->execute('INSERT INTO `users` (`name`, `email`, `alamat`) VALUES (NULL, NULL, NULL)')
 2 SYSTEMPATH\Database\BaseConnection.php(648): CodeIgniter\Database\BaseConnection->simpleQuery('INSERT INTO `users` (`name`, `email`, `alamat`) VALUES (NULL, NULL, NULL)')
 3 SYSTEMPATH\Database\BaseBuilder.php(2332): CodeIgniter\Database\BaseConnection->query('INSERT INTO `users` (`name`, `email`, `alamat`) VALUES (:name:, :email:, :alamat:)', [...], false)
 4 SYSTEMPATH\Model.php(394): CodeIgniter\Database\BaseBuilder->insert()
 5 SYSTEMPATH\BaseModel.php(840): CodeIgniter\Model->doInsert([...])
 6 SYSTEMPATH\Model.php(802): CodeIgniter\BaseModel->insert([...], true)
 7 APPPATH\Controllers\UsersController.php(31): CodeIgniter\Model->insert([...])
 8 SYSTEMPATH\CodeIgniter.php(933): App\Controllers\UsersController->addUser()
 9 SYSTEMPATH\CodeIgniter.php(509): CodeIgniter\CodeIgniter->runController(Object(App\Controllers\UsersController))
10 SYSTEMPATH\CodeIgniter.php(355): CodeIgniter\CodeIgniter->handleRequest(null, Object(Config\Cache), false)
11 SYSTEMPATH\Boot.php(325): CodeIgniter\CodeIgniter->run()
12 SYSTEMPATH\Boot.php(67): CodeIgniter\Boot::runCodeIgniter(Object(CodeIgniter\CodeIgniter))
13 FCPATH\index.php(56): CodeIgniter\Boot::bootWeb(Object(Config\Paths))
14 SYSTEMPATH\rewrite.php(44): require_once('C:\\xampp\\htdocs\\crud-ci4\\public\\index.php')
CRITICAL - 2024-07-27 11:53:12 --> [Caused by] mysqli_sql_exception: Column 'name' cannot be null
in SYSTEMPATH\Database\MySQLi\Connection.php on line 312.
 1 SYSTEMPATH\Database\MySQLi\Connection.php(312): mysqli->query('INSERT INTO `users` (`name`, `email`, `alamat`) VALUES (NULL, NULL, NULL)', 0)
 2 SYSTEMPATH\Database\BaseConnection.php(734): CodeIgniter\Database\MySQLi\Connection->execute('INSERT INTO `users` (`name`, `email`, `alamat`) VALUES (NULL, NULL, NULL)')
 3 SYSTEMPATH\Database\BaseConnection.php(648): CodeIgniter\Database\BaseConnection->simpleQuery('INSERT INTO `users` (`name`, `email`, `alamat`) VALUES (NULL, NULL, NULL)')
 4 SYSTEMPATH\Database\BaseBuilder.php(2332): CodeIgniter\Database\BaseConnection->query('INSERT INTO `users` (`name`, `email`, `alamat`) VALUES (:name:, :email:, :alamat:)', [...], false)
 5 SYSTEMPATH\Model.php(394): CodeIgniter\Database\BaseBuilder->insert()
 6 SYSTEMPATH\BaseModel.php(840): CodeIgniter\Model->doInsert([...])
 7 SYSTEMPATH\Model.php(802): CodeIgniter\BaseModel->insert([...], true)
 8 APPPATH\Controllers\UsersController.php(31): CodeIgniter\Model->insert([...])
 9 SYSTEMPATH\CodeIgniter.php(933): App\Controllers\UsersController->addUser()
10 SYSTEMPATH\CodeIgniter.php(509): CodeIgniter\CodeIgniter->runController(Object(App\Controllers\UsersController))
11 SYSTEMPATH\CodeIgniter.php(355): CodeIgniter\CodeIgniter->handleRequest(null, Object(Config\Cache), false)
12 SYSTEMPATH\Boot.php(325): CodeIgniter\CodeIgniter->run()
13 SYSTEMPATH\Boot.php(67): CodeIgniter\Boot::runCodeIgniter(Object(CodeIgniter\CodeIgniter))
14 FCPATH\index.php(56): CodeIgniter\Boot::bootWeb(Object(Config\Paths))
15 SYSTEMPATH\rewrite.php(44): require_once('C:\\xampp\\htdocs\\crud-ci4\\public\\index.php')
CRITICAL - 2024-07-27 11:54:57 --> CodeIgniter\Database\Exceptions\DataException: There is no data to insert.
[Method: POST, Route: users/addUser]
in SYSTEMPATH\BaseModel.php on line 1833.
 1 SYSTEMPATH\BaseModel.php(1833): CodeIgniter\Database\Exceptions\DataException::forEmptyDataset('insert')
 2 SYSTEMPATH\BaseModel.php(806): CodeIgniter\BaseModel->transformDataToArray([], 'insert')
 3 SYSTEMPATH\Model.php(802): CodeIgniter\BaseModel->insert([], true)
 4 APPPATH\Controllers\UsersController.php(26): CodeIgniter\Model->insert([])
 5 SYSTEMPATH\CodeIgniter.php(933): App\Controllers\UsersController->addUser()
 6 SYSTEMPATH\CodeIgniter.php(509): CodeIgniter\CodeIgniter->runController(Object(App\Controllers\UsersController))
 7 SYSTEMPATH\CodeIgniter.php(355): CodeIgniter\CodeIgniter->handleRequest(null, Object(Config\Cache), false)
 8 SYSTEMPATH\Boot.php(325): CodeIgniter\CodeIgniter->run()
 9 SYSTEMPATH\Boot.php(67): CodeIgniter\Boot::runCodeIgniter(Object(CodeIgniter\CodeIgniter))
10 FCPATH\index.php(56): CodeIgniter\Boot::bootWeb(Object(Config\Paths))
11 SYSTEMPATH\rewrite.php(44): require_once('C:\\xampp\\htdocs\\crud-ci4\\public\\index.php')
CRITICAL - 2024-07-27 11:55:05 --> CodeIgniter\Database\Exceptions\DataException: There is no data to insert.
[Method: POST, Route: users/addUser]
in SYSTEMPATH\BaseModel.php on line 1833.
 1 SYSTEMPATH\BaseModel.php(1833): CodeIgniter\Database\Exceptions\DataException::forEmptyDataset('insert')
 2 SYSTEMPATH\BaseModel.php(806): CodeIgniter\BaseModel->transformDataToArray([], 'insert')
 3 SYSTEMPATH\Model.php(802): CodeIgniter\BaseModel->insert([], true)
 4 APPPATH\Controllers\UsersController.php(26): CodeIgniter\Model->insert([])
 5 SYSTEMPATH\CodeIgniter.php(933): App\Controllers\UsersController->addUser()
 6 SYSTEMPATH\CodeIgniter.php(509): CodeIgniter\CodeIgniter->runController(Object(App\Controllers\UsersController))
 7 SYSTEMPATH\CodeIgniter.php(355): CodeIgniter\CodeIgniter->handleRequest(null, Object(Config\Cache), false)
 8 SYSTEMPATH\Boot.php(325): CodeIgniter\CodeIgniter->run()
 9 SYSTEMPATH\Boot.php(67): CodeIgniter\Boot::runCodeIgniter(Object(CodeIgniter\CodeIgniter))
10 FCPATH\index.php(56): CodeIgniter\Boot::bootWeb(Object(Config\Paths))
11 SYSTEMPATH\rewrite.php(44): require_once('C:\\xampp\\htdocs\\crud-ci4\\public\\index.php')
CRITICAL - 2024-07-27 11:56:06 --> CodeIgniter\Database\Exceptions\DataException: There is no data to insert.
[Method: POST, Route: users/addUser]
in SYSTEMPATH\BaseModel.php on line 1833.
 1 SYSTEMPATH\BaseModel.php(1833): CodeIgniter\Database\Exceptions\DataException::forEmptyDataset('insert')
 2 SYSTEMPATH\BaseModel.php(806): CodeIgniter\BaseModel->transformDataToArray([], 'insert')
 3 SYSTEMPATH\Model.php(802): CodeIgniter\BaseModel->insert([], true)
 4 APPPATH\Controllers\UsersController.php(26): CodeIgniter\Model->insert([])
 5 SYSTEMPATH\CodeIgniter.php(933): App\Controllers\UsersController->addUser()
 6 SYSTEMPATH\CodeIgniter.php(509): CodeIgniter\CodeIgniter->runController(Object(App\Controllers\UsersController))
 7 SYSTEMPATH\CodeIgniter.php(355): CodeIgniter\CodeIgniter->handleRequest(null, Object(Config\Cache), false)
 8 SYSTEMPATH\Boot.php(325): CodeIgniter\CodeIgniter->run()
 9 SYSTEMPATH\Boot.php(67): CodeIgniter\Boot::runCodeIgniter(Object(CodeIgniter\CodeIgniter))
10 FCPATH\index.php(56): CodeIgniter\Boot::bootWeb(Object(Config\Paths))
11 SYSTEMPATH\rewrite.php(44): require_once('C:\\xampp\\htdocs\\crud-ci4\\public\\index.php')
CRITICAL - 2024-07-27 12:39:01 --> CodeIgniter\Database\Exceptions\DataException: There is no data to insert.
[Method: POST, Route: addUser]
in SYSTEMPATH\BaseModel.php on line 1833.
 1 SYSTEMPATH\BaseModel.php(1833): CodeIgniter\Database\Exceptions\DataException::forEmptyDataset('insert')
 2 SYSTEMPATH\BaseModel.php(806): CodeIgniter\BaseModel->transformDataToArray([], 'insert')
 3 SYSTEMPATH\Model.php(802): CodeIgniter\BaseModel->insert([], true)
 4 APPPATH\Controllers\UsersController.php(26): CodeIgniter\Model->insert([])
 5 SYSTEMPATH\CodeIgniter.php(933): App\Controllers\UsersController->addUser()
 6 SYSTEMPATH\CodeIgniter.php(509): CodeIgniter\CodeIgniter->runController(Object(App\Controllers\UsersController))
 7 SYSTEMPATH\CodeIgniter.php(355): CodeIgniter\CodeIgniter->handleRequest(null, Object(Config\Cache), false)
 8 SYSTEMPATH\Boot.php(325): CodeIgniter\CodeIgniter->run()
 9 SYSTEMPATH\Boot.php(67): CodeIgniter\Boot::runCodeIgniter(Object(CodeIgniter\CodeIgniter))
10 FCPATH\index.php(56): CodeIgniter\Boot::bootWeb(Object(Config\Paths))
11 SYSTEMPATH\rewrite.php(44): require_once('C:\\xampp\\htdocs\\crud-ci4\\public\\index.php')
CRITICAL - 2024-07-27 12:39:37 --> CodeIgniter\Database\Exceptions\DataException: There is no data to insert.
[Method: POST, Route: addUser]
in SYSTEMPATH\BaseModel.php on line 1833.
 1 SYSTEMPATH\BaseModel.php(1833): CodeIgniter\Database\Exceptions\DataException::forEmptyDataset('insert')
 2 SYSTEMPATH\BaseModel.php(806): CodeIgniter\BaseModel->transformDataToArray([], 'insert')
 3 SYSTEMPATH\Model.php(802): CodeIgniter\BaseModel->insert([], true)
 4 APPPATH\Controllers\UsersController.php(26): CodeIgniter\Model->insert([])
 5 SYSTEMPATH\CodeIgniter.php(933): App\Controllers\UsersController->addUser()
 6 SYSTEMPATH\CodeIgniter.php(509): CodeIgniter\CodeIgniter->runController(Object(App\Controllers\UsersController))
 7 SYSTEMPATH\CodeIgniter.php(355): CodeIgniter\CodeIgniter->handleRequest(null, Object(Config\Cache), false)
 8 SYSTEMPATH\Boot.php(325): CodeIgniter\CodeIgniter->run()
 9 SYSTEMPATH\Boot.php(67): CodeIgniter\Boot::runCodeIgniter(Object(CodeIgniter\CodeIgniter))
10 FCPATH\index.php(56): CodeIgniter\Boot::bootWeb(Object(Config\Paths))
11 SYSTEMPATH\rewrite.php(44): require_once('C:\\xampp\\htdocs\\crud-ci4\\public\\index.php')
CRITICAL - 2024-07-27 12:41:42 --> CodeIgniter\Database\Exceptions\DataException: There is no data to insert.
[Method: POST, Route: addUser]
in SYSTEMPATH\BaseModel.php on line 1833.
 1 SYSTEMPATH\BaseModel.php(1833): CodeIgniter\Database\Exceptions\DataException::forEmptyDataset('insert')
 2 SYSTEMPATH\BaseModel.php(806): CodeIgniter\BaseModel->transformDataToArray([], 'insert')
 3 SYSTEMPATH\Model.php(802): CodeIgniter\BaseModel->insert([], true)
 4 APPPATH\Controllers\UsersController.php(26): CodeIgniter\Model->insert([])
 5 SYSTEMPATH\CodeIgniter.php(933): App\Controllers\UsersController->addUser()
 6 SYSTEMPATH\CodeIgniter.php(509): CodeIgniter\CodeIgniter->runController(Object(App\Controllers\UsersController))
 7 SYSTEMPATH\CodeIgniter.php(355): CodeIgniter\CodeIgniter->handleRequest(null, Object(Config\Cache), false)
 8 SYSTEMPATH\Boot.php(325): CodeIgniter\CodeIgniter->run()
 9 SYSTEMPATH\Boot.php(67): CodeIgniter\Boot::runCodeIgniter(Object(CodeIgniter\CodeIgniter))
10 FCPATH\index.php(56): CodeIgniter\Boot::bootWeb(Object(Config\Paths))
11 SYSTEMPATH\rewrite.php(44): require_once('C:\\xampp\\htdocs\\crud-ci4\\public\\index.php')
CRITICAL - 2024-07-27 12:41:50 --> CodeIgniter\Database\Exceptions\DataException: There is no data to insert.
[Method: POST, Route: addUser]
in SYSTEMPATH\BaseModel.php on line 1833.
 1 SYSTEMPATH\BaseModel.php(1833): CodeIgniter\Database\Exceptions\DataException::forEmptyDataset('insert')
 2 SYSTEMPATH\BaseModel.php(806): CodeIgniter\BaseModel->transformDataToArray([], 'insert')
 3 SYSTEMPATH\Model.php(802): CodeIgniter\BaseModel->insert([], true)
 4 APPPATH\Controllers\UsersController.php(26): CodeIgniter\Model->insert([])
 5 SYSTEMPATH\CodeIgniter.php(933): App\Controllers\UsersController->addUser()
 6 SYSTEMPATH\CodeIgniter.php(509): CodeIgniter\CodeIgniter->runController(Object(App\Controllers\UsersController))
 7 SYSTEMPATH\CodeIgniter.php(355): CodeIgniter\CodeIgniter->handleRequest(null, Object(Config\Cache), false)
 8 SYSTEMPATH\Boot.php(325): CodeIgniter\CodeIgniter->run()
 9 SYSTEMPATH\Boot.php(67): CodeIgniter\Boot::runCodeIgniter(Object(CodeIgniter\CodeIgniter))
10 FCPATH\index.php(56): CodeIgniter\Boot::bootWeb(Object(Config\Paths))
11 SYSTEMPATH\rewrite.php(44): require_once('C:\\xampp\\htdocs\\crud-ci4\\public\\index.php')
CRITICAL - 2024-07-27 12:41:59 --> CodeIgniter\Database\Exceptions\DataException: There is no data to insert.
[Method: POST, Route: addUser]
in SYSTEMPATH\BaseModel.php on line 1833.
 1 SYSTEMPATH\BaseModel.php(1833): CodeIgniter\Database\Exceptions\DataException::forEmptyDataset('insert')
 2 SYSTEMPATH\BaseModel.php(806): CodeIgniter\BaseModel->transformDataToArray([], 'insert')
 3 SYSTEMPATH\Model.php(802): CodeIgniter\BaseModel->insert([], true)
 4 APPPATH\Controllers\UsersController.php(26): CodeIgniter\Model->insert([])
 5 SYSTEMPATH\CodeIgniter.php(933): App\Controllers\UsersController->addUser()
 6 SYSTEMPATH\CodeIgniter.php(509): CodeIgniter\CodeIgniter->runController(Object(App\Controllers\UsersController))
 7 SYSTEMPATH\CodeIgniter.php(355): CodeIgniter\CodeIgniter->handleRequest(null, Object(Config\Cache), false)
 8 SYSTEMPATH\Boot.php(325): CodeIgniter\CodeIgniter->run()
 9 SYSTEMPATH\Boot.php(67): CodeIgniter\Boot::runCodeIgniter(Object(CodeIgniter\CodeIgniter))
10 FCPATH\index.php(56): CodeIgniter\Boot::bootWeb(Object(Config\Paths))
11 SYSTEMPATH\rewrite.php(44): require_once('C:\\xampp\\htdocs\\crud-ci4\\public\\index.php')
ERROR - 2024-07-27 12:46:53 --> There is no data to insert.
ERROR - 2024-07-27 12:47:03 --> There is no data to insert.
CRITICAL - 2024-07-27 13:02:52 --> CodeIgniter\Database\Exceptions\DataException: There is no data to insert.
[Method: POST, Route: addUser]
in SYSTEMPATH\BaseModel.php on line 1833.
 1 SYSTEMPATH\BaseModel.php(1833): CodeIgniter\Database\Exceptions\DataException::forEmptyDataset('insert')
 2 SYSTEMPATH\BaseModel.php(806): CodeIgniter\BaseModel->transformDataToArray([], 'insert')
 3 SYSTEMPATH\Model.php(802): CodeIgniter\BaseModel->insert([], true)
 4 APPPATH\Controllers\UsersController.php(26): CodeIgniter\Model->insert([])
 5 SYSTEMPATH\CodeIgniter.php(933): App\Controllers\UsersController->addUser()
 6 SYSTEMPATH\CodeIgniter.php(509): CodeIgniter\CodeIgniter->runController(Object(App\Controllers\UsersController))
 7 SYSTEMPATH\CodeIgniter.php(355): CodeIgniter\CodeIgniter->handleRequest(null, Object(Config\Cache), false)
 8 SYSTEMPATH\Boot.php(325): CodeIgniter\CodeIgniter->run()
 9 SYSTEMPATH\Boot.php(67): CodeIgniter\Boot::runCodeIgniter(Object(CodeIgniter\CodeIgniter))
10 FCPATH\index.php(56): CodeIgniter\Boot::bootWeb(Object(Config\Paths))
11 SYSTEMPATH\rewrite.php(44): require_once('C:\\xampp\\htdocs\\crud-ci4\\public\\index.php')
CRITICAL - 2024-07-27 13:03:32 --> CodeIgniter\Database\Exceptions\DataException: There is no data to insert.
[Method: POST, Route: addUser]
in SYSTEMPATH\BaseModel.php on line 1833.
 1 SYSTEMPATH\BaseModel.php(1833): CodeIgniter\Database\Exceptions\DataException::forEmptyDataset('insert')
 2 SYSTEMPATH\BaseModel.php(806): CodeIgniter\BaseModel->transformDataToArray([], 'insert')
 3 SYSTEMPATH\Model.php(802): CodeIgniter\BaseModel->insert([], true)
 4 APPPATH\Controllers\UsersController.php(26): CodeIgniter\Model->insert([])
 5 SYSTEMPATH\CodeIgniter.php(933): App\Controllers\UsersController->addUser()
 6 SYSTEMPATH\CodeIgniter.php(509): CodeIgniter\CodeIgniter->runController(Object(App\Controllers\UsersController))
 7 SYSTEMPATH\CodeIgniter.php(355): CodeIgniter\CodeIgniter->handleRequest(null, Object(Config\Cache), false)
 8 SYSTEMPATH\Boot.php(325): CodeIgniter\CodeIgniter->run()
 9 SYSTEMPATH\Boot.php(67): CodeIgniter\Boot::runCodeIgniter(Object(CodeIgniter\CodeIgniter))
10 FCPATH\index.php(56): CodeIgniter\Boot::bootWeb(Object(Config\Paths))
11 SYSTEMPATH\rewrite.php(44): require_once('C:\\xampp\\htdocs\\crud-ci4\\public\\index.php')
CRITICAL - 2024-07-27 13:06:30 --> CodeIgniter\Database\Exceptions\DataException: There is no data to insert.
[Method: POST, Route: addUser]
in SYSTEMPATH\BaseModel.php on line 1833.
 1 SYSTEMPATH\BaseModel.php(1833): CodeIgniter\Database\Exceptions\DataException::forEmptyDataset('insert')
 2 SYSTEMPATH\BaseModel.php(806): CodeIgniter\BaseModel->transformDataToArray([], 'insert')
 3 SYSTEMPATH\Model.php(802): CodeIgniter\BaseModel->insert([], true)
 4 APPPATH\Controllers\UsersController.php(26): CodeIgniter\Model->insert([])
 5 SYSTEMPATH\CodeIgniter.php(933): App\Controllers\UsersController->addUser()
 6 SYSTEMPATH\CodeIgniter.php(509): CodeIgniter\CodeIgniter->runController(Object(App\Controllers\UsersController))
 7 SYSTEMPATH\CodeIgniter.php(355): CodeIgniter\CodeIgniter->handleRequest(null, Object(Config\Cache), false)
 8 SYSTEMPATH\Boot.php(325): CodeIgniter\CodeIgniter->run()
 9 SYSTEMPATH\Boot.php(67): CodeIgniter\Boot::runCodeIgniter(Object(CodeIgniter\CodeIgniter))
10 FCPATH\index.php(56): CodeIgniter\Boot::bootWeb(Object(Config\Paths))
11 SYSTEMPATH\rewrite.php(44): require_once('C:\\xampp\\htdocs\\crud-ci4\\public\\index.php')
CRITICAL - 2024-07-27 13:09:48 --> CodeIgniter\Database\Exceptions\DataException: There is no data to insert.
[Method: POST, Route: addUser]
in SYSTEMPATH\BaseModel.php on line 1833.
 1 SYSTEMPATH\BaseModel.php(1833): CodeIgniter\Database\Exceptions\DataException::forEmptyDataset('insert')
 2 SYSTEMPATH\BaseModel.php(806): CodeIgniter\BaseModel->transformDataToArray([], 'insert')
 3 SYSTEMPATH\Model.php(802): CodeIgniter\BaseModel->insert([], true)
 4 APPPATH\Controllers\UsersController.php(26): CodeIgniter\Model->insert([])
 5 SYSTEMPATH\CodeIgniter.php(933): App\Controllers\UsersController->addUser()
 6 SYSTEMPATH\CodeIgniter.php(509): CodeIgniter\CodeIgniter->runController(Object(App\Controllers\UsersController))
 7 SYSTEMPATH\CodeIgniter.php(355): CodeIgniter\CodeIgniter->handleRequest(null, Object(Config\Cache), false)
 8 SYSTEMPATH\Boot.php(325): CodeIgniter\CodeIgniter->run()
 9 SYSTEMPATH\Boot.php(67): CodeIgniter\Boot::runCodeIgniter(Object(CodeIgniter\CodeIgniter))
10 FCPATH\index.php(56): CodeIgniter\Boot::bootWeb(Object(Config\Paths))
11 SYSTEMPATH\rewrite.php(44): require_once('C:\\xampp\\htdocs\\crud-ci4\\public\\index.php')
CRITICAL - 2024-07-27 13:28:59 --> ErrorException: Undefined variable $all_data_user
[Method: GET, Route: add-user]
in APPPATH\Views\user.php on line 41.
 1 APPPATH\Views\user.php(41): CodeIgniter\Debug\Exceptions->errorHandler(2, 'Undefined variable $all_data_user', 'C:\\xampp\\htdocs\\crud-ci4\\app\\Views\\user.php', 41)
 2 SYSTEMPATH\View\View.php(234): include('C:\\xampp\\htdocs\\crud-ci4\\app\\Views\\user.php')
 3 SYSTEMPATH\View\View.php(237): CodeIgniter\View\View->CodeIgniter\View\{closure}()
 4 SYSTEMPATH\Common.php(1171): CodeIgniter\View\View->render('user', [], true)
 5 APPPATH\Controllers\UsersController.php(27): view('user')
 6 SYSTEMPATH\CodeIgniter.php(933): App\Controllers\UsersController->addUserForm()
 7 SYSTEMPATH\CodeIgniter.php(509): CodeIgniter\CodeIgniter->runController(Object(App\Controllers\UsersController))
 8 SYSTEMPATH\CodeIgniter.php(355): CodeIgniter\CodeIgniter->handleRequest(null, Object(Config\Cache), false)
 9 SYSTEMPATH\Boot.php(325): CodeIgniter\CodeIgniter->run()
10 SYSTEMPATH\Boot.php(67): CodeIgniter\Boot::runCodeIgniter(Object(CodeIgniter\CodeIgniter))
11 FCPATH\index.php(56): CodeIgniter\Boot::bootWeb(Object(Config\Paths))
12 SYSTEMPATH\rewrite.php(44): require_once('C:\\xampp\\htdocs\\crud-ci4\\public\\index.php')
CRITICAL - 2024-07-27 13:29:31 --> ErrorException: Undefined variable $all_data_user
[Method: GET, Route: add-user]
in APPPATH\Views\user.php on line 41.
 1 APPPATH\Views\user.php(41): CodeIgniter\Debug\Exceptions->errorHandler(2, 'Undefined variable $all_data_user', 'C:\\xampp\\htdocs\\crud-ci4\\app\\Views\\user.php', 41)
 2 SYSTEMPATH\View\View.php(234): include('C:\\xampp\\htdocs\\crud-ci4\\app\\Views\\user.php')
 3 SYSTEMPATH\View\View.php(237): CodeIgniter\View\View->CodeIgniter\View\{closure}()
 4 SYSTEMPATH\Common.php(1171): CodeIgniter\View\View->render('user', [], true)
 5 APPPATH\Controllers\UsersController.php(27): view('user')
 6 SYSTEMPATH\CodeIgniter.php(933): App\Controllers\UsersController->addUserForm()
 7 SYSTEMPATH\CodeIgniter.php(509): CodeIgniter\CodeIgniter->runController(Object(App\Controllers\UsersController))
 8 SYSTEMPATH\CodeIgniter.php(355): CodeIgniter\CodeIgniter->handleRequest(null, Object(Config\Cache), false)
 9 SYSTEMPATH\Boot.php(325): CodeIgniter\CodeIgniter->run()
10 SYSTEMPATH\Boot.php(67): CodeIgniter\Boot::runCodeIgniter(Object(CodeIgniter\CodeIgniter))
11 FCPATH\index.php(56): CodeIgniter\Boot::bootWeb(Object(Config\Paths))
12 SYSTEMPATH\rewrite.php(44): require_once('C:\\xampp\\htdocs\\crud-ci4\\public\\index.php')
